<?xml version="1.0" encoding="UTF-8" standalone="no"?>
<testsuite failures="0" name="cucumber.runtime.formatter.JUnitFormatter" skipped="0" tests="2" time="28.560082">
<testcase classname="FREE CRM login feature" name="Free CRM Data Driven testing login scenario" time="16.002049">
<system-out><![CDATA[Given user is already on login page.........................................passed
When The title of the login page is FREE CRM................................passed
Then User enters "rozz12" and "rozz12@".....................................passed
Then User clicks on login button............................................passed
Then verify user is on homepage.............................................passed
Then user closes the browser................................................passed
]]></system-out>
</testcase>
<testcase classname="FREE CRM login feature" name="Free CRM Data Driven testing login scenario 2" time="12.558033">
<system-out><![CDATA[Given user is already on login page.........................................passed
When The title of the login page is FREE CRM................................passed
Then User enters "justin12" and "justin12@".................................passed
Then User clicks on login button............................................passed
Then verify user is on homepage.............................................passed
Then user closes the browser................................................passed
]]></system-out>
</testcase>
</testsuite>
